Doing cent 0-5
 Reading Initial Energy Density...
 Bmin= 0 Bmax= 3.5
 Reading Hydro...
 Finish Hydro Read in 24.79 secs. 
Doing cent 5-10
 Reading Initial Energy Density...
 Bmin= 3.5 Bmax= 4.94
 Reading Hydro...
 Finish Hydro Read in 26.3 secs. 
Doing cent 10-20
 Reading Initial Energy Density...
 Bmin= 4.94 Bmax= 6.98
 Reading Hydro...
 Finish Hydro Read in 24.31 secs. 
Doing cent 20-30
 Reading Initial Energy Density...
 Bmin= 6.98 Bmax= 8.55
 Reading Hydro...
 Finish Hydro Read in 21.04 secs. 
Doing cent 30-40
 Reading Initial Energy Density...
 Bmin= 8.55 Bmax= 9.88
 Reading Hydro...
 Finish Hydro Read in 19.31 secs. 
Doing cent 40-50
 Reading Initial Energy Density...
 Bmin= 9.88 Bmax= 11.04
 Reading Hydro...
 Finish Hydro Read in 8.35 secs. 
Doing cent 50-60
 Reading Initial Energy Density...
 Bmin= 11.04 Bmax= 12.09
 Reading Hydro...
 Finish Hydro Read in 5.88 secs. 
Doing cent 60-70
 Reading Initial Energy Density...
 Bmin= 12.09 Bmax= 13.05
 Reading Hydro...
 Finish Hydro Read in 4.66 secs. 
Doing cent 0-5
 Reading Initial Energy Density...
 Bmin= 0 Bmax= 3.5
 Reading Hydro...
 Finish Hydro Read in 8.86 secs. 
 Event = 1000
Doing cent 5-10
 Reading Initial Energy Density...
 Bmin= 3.5 Bmax= 4.94
 Reading Hydro...
 Finish Hydro Read in 13.35 secs. 
 Event = 1000
Doing cent 10-20
 Reading Initial Energy Density...
 Bmin= 4.94 Bmax= 6.98
 Reading Hydro...
 Finish Hydro Read in 7.76 secs. 
 Event = 1000
Doing cent 20-30
 Reading Initial Energy Density...
 Bmin= 6.98 Bmax= 8.55
 Reading Hydro...
 Finish Hydro Read in 11.37 secs. 
 Event = 1000
Doing cent 30-40
 Reading Initial Energy Density...
 Bmin= 8.55 Bmax= 9.88
 Reading Hydro...
 Finish Hydro Read in 11.64 secs. 
 Event = 1000
Doing cent 40-50
 Reading Initial Energy Density...
 Bmin= 9.88 Bmax= 11.04
 Reading Hydro...
 Finish Hydro Read in 5.37 secs. 
 Event = 1000
Doing cent 50-60
 Reading Initial Energy Density...
 Bmin= 11.04 Bmax= 12.09
 Reading Hydro...
 Finish Hydro Read in 4.51 secs. 
 Event = 1000
Doing cent 60-70
 Reading Initial Energy Density...
 Bmin= 12.09 Bmax= 13.05
 Reading Hydro...
 Finish Hydro Read in 5.59 secs. 
 Event = 1000
